<?xml version="1.0" encoding="UTF-8"?>
<testng-results ignored="0" total="3" passed="3" failed="0" skipped="0">
  <reporter-output>
  </reporter-output>
  <suite started-at="2023-06-15T14:58:15 IST" name="Default suite" finished-at="2023-06-15T14:58:53 IST" duration-ms="37896">
    <groups>
    </groups>
    <test started-at="2023-06-15T14:58:15 IST" name="Default test" finished-at="2023-06-15T14:58:53 IST" duration-ms="37896">
      <class name="remotedrivergrid.RemoteTestng">
        <test-method signature="testonchrome()[pri:0, instance:remotedrivergrid.RemoteTestng@19b93fa8]" started-at="2023-06-15T14:58:15 IST" name="testonchrome" finished-at="2023-06-15T14:58:32 IST" duration-ms="16735" status="PASS">
          <reporter-output>
          </reporter-output>
        </test-method> <!-- testonchrome -->
        <test-method signature="testonfirefox()[pri:0, instance:remotedrivergrid.RemoteTestng@19b93fa8]" started-at="2023-06-15T14:58:32 IST" name="testonfirefox" finished-at="2023-06-15T14:58:40 IST" duration-ms="8665" status="PASS">
          <reporter-output>
          </reporter-output>
        </test-method> <!-- testonfirefox -->
        <test-method signature="testonsafari()[pri:0, instance:remotedrivergrid.RemoteTestng@19b93fa8]" started-at="2023-06-15T14:58:40 IST" name="testonsafari" finished-at="2023-06-15T14:58:53 IST" duration-ms="12412" status="PASS">
          <reporter-output>
          </reporter-output>
        </test-method> <!-- testonsafari -->
        <test-method is-config="true" signature="close()[pri:0, instance:remotedrivergrid.RemoteTestng@19b93fa8]" started-at="2023-06-15T14:58:53 IST" name="close" finished-at="2023-06-15T14:58:53 IST" duration-ms="4" status="FAIL">
          <exception class="java.lang.NullPointerException">
            <message>
              <![CDATA[Cannot invoke "org.openqa.selenium.WebDriver.quit()" because "this.driver" is null]]>
            </message>
            <full-stacktrace>
              <![CDATA[java.lang.NullPointerException: Cannot invoke "org.openqa.selenium.WebDriver.quit()" because "this.driver" is null
at remotedrivergrid.RemoteTestng.close(RemoteTestng.java:129)
at java.base/jdk.internal.reflect.NativeMethodAccessorImpl.invoke0(Native Method)
at java.base/jdk.internal.reflect.NativeMethodAccessorImpl.invoke(NativeMethodAccessorImpl.java:77)
at java.base/jdk.internal.reflect.DelegatingMethodAccessorImpl.invoke(DelegatingMethodAccessorImpl.java:43)
at java.base/java.lang.reflect.Method.invoke(Method.java:568)
at org.testng.internal.MethodInvocationHelper.invokeMethod(MethodInvocationHelper.java:133)
at org.testng.internal.MethodInvocationHelper.invokeMethodConsideringTimeout(MethodInvocationHelper.java:62)
at org.testng.internal.ConfigInvoker.invokeConfigurationMethod(ConfigInvoker.java:385)
at org.testng.internal.ConfigInvoker.invokeConfigurations(ConfigInvoker.java:321)
at org.testng.internal.TestMethodWorker.invokeAfterClassMethods(TestMethodWorker.java:217)
at org.testng.internal.TestMethodWorker.run(TestMethodWorker.java:130)
at java.base/java.util.ArrayList.forEach(ArrayList.java:1511)
at org.testng.TestRunner.privateRun(TestRunner.java:794)
at org.testng.TestRunner.run(TestRunner.java:596)
at org.testng.SuiteRunner.runTest(SuiteRunner.java:377)
at org.testng.SuiteRunner.runSequentially(SuiteRunner.java:371)
at org.testng.SuiteRunner.privateRun(SuiteRunner.java:332)
at org.testng.SuiteRunner.run(SuiteRunner.java:276)
at org.testng.SuiteRunnerWorker.runSuite(SuiteRunnerWorker.java:53)
at org.testng.SuiteRunnerWorker.run(SuiteRunnerWorker.java:96)
at org.testng.TestNG.runSuitesSequentially(TestNG.java:1212)
at org.testng.TestNG.runSuitesLocally(TestNG.java:1134)
at org.testng.TestNG.runSuites(TestNG.java:1063)
at org.testng.TestNG.run(TestNG.java:1031)
at org.testng.remote.AbstractRemoteTestNG.run(AbstractRemoteTestNG.java:115)
at org.testng.remote.RemoteTestNG.initAndRun(RemoteTestNG.java:251)
at org.testng.remote.RemoteTestNG.main(RemoteTestNG.java:77)
]]>
            </full-stacktrace>
          </exception> <!-- java.lang.NullPointerException -->
          <reporter-output>
          </reporter-output>
        </test-method> <!-- close -->
      </class> <!-- remotedrivergrid.RemoteTestng -->
    </test> <!-- Default test -->
  </suite> <!-- Default suite -->
</testng-results>
